#-----------------------------------------------------------
# Vivado v2018.2 (64-bit)
# SW Build 2258646 on Thu Jun 14 20:03:12 MDT 2018
# IP Build 2256618 on Thu Jun 14 22:10:49 MDT 2018
# Start of session at: Sun Oct 30 01:38:20 2022
# Process ID: 6016
# Current directory: D:/lmq/yanshou/cpu_for_tw/Single_Cycle_CPU/Single_Cycle_CPU_1_int/mips_cpu
# Command line: vivado.exe -gui_launcher_event rodinguilauncherevent10764 D:\lmq\yanshou\cpu_for_tw\Single_Cycle_CPU\Single_Cycle_CPU_1_int\mips_cpu\mips_cpu.xpr
# Log file: D:/lmq/yanshou/cpu_for_tw/Single_Cycle_CPU/Single_Cycle_CPU_1_int/mips_cpu/vivado.log
# Journal file: D:/lmq/yanshou/cpu_for_tw/Single_Cycle_CPU/Single_Cycle_CPU_1_int/mips_cpu\vivado.jou
#-----------------------------------------------------------
start_gui
open_project D:/lmq/yanshou/cpu_for_tw/Single_Cycle_CPU/Single_Cycle_CPU_1_int/mips_cpu/mips_cpu.xpr
Scanning sources...
Finished scanning sources
INFO: [IP_Flow 19-234] Refreshing IP repositories
INFO: [IP_Flow 19-1704] No user IP repositories specified
INFO: [IP_Flow 19-2313] Loaded Vivado IP repository 'D:/Xilinx/Vivado/2018.2/data/ip'.
open_project: Time (s): cpu = 00:00:16 ; elapsed = 00:00:08 . Memory (MB): peak = 938.953 ; gain = 211.473
update_compile_order -fileset sources_1
reset_run synth_1
launch_runs impl_1 -to_step write_bitstream -jobs 4
[Sun Oct 30 01:38:57 2022] Launched synth_1...
Run output will be captured here: D:/lmq/yanshou/cpu_for_tw/Single_Cycle_CPU/Single_Cycle_CPU_1_int/mips_cpu/mips_cpu.runs/synth_1/runme.log
[Sun Oct 30 01:38:57 2022] Launched impl_1...
Run output will be captured here: D:/lmq/yanshou/cpu_for_tw/Single_Cycle_CPU/Single_Cycle_CPU_1_int/mips_cpu/mips_cpu.runs/impl_1/runme.log
open_hw
connect_hw_server
INFO: [Labtools 27-2285] Connecting to hw_server url TCP:localhost:3121
INFO: [Labtools 27-2222] Launching hw_server...
INFO: [Labtools 27-2221] Launch Output:

****** Xilinx hw_server v2018.2
  **** Build date : Jun 14 2018-20:42:52
    ** Copyright 1986-2018 Xilinx, Inc. All Rights Reserved.


open_hw_target
INFO: [Labtoolstcl 44-466] Opening hw_target localhost:3121/xilinx_tcf/Digilent/210292746846A
set_property PROGRAM.FILE {D:/lmq/yanshou/cpu_for_tw/Single_Cycle_CPU/Single_Cycle_CPU_1_int/mips_cpu/mips_cpu.runs/impl_1/LogisimToplevelShell.bit} [get_hw_devices xc7a100t_0]
current_hw_device [get_hw_devices xc7a100t_0]
refresh_hw_device -update_hw_probes false [lindex [get_hw_devices xc7a100t_0] 0]
INFO: [Labtools 27-1435] Device xc7a100t (JTAG device index = 0) is not programmed (DONE status = 0).
set_property PROBES.FILE {} [get_hw_devices xc7a100t_0]
set_property FULL_PROBES.FILE {} [get_hw_devices xc7a100t_0]
set_property PROGRAM.FILE {D:/lmq/yanshou/cpu_for_tw/Single_Cycle_CPU/Single_Cycle_CPU_1_int/mips_cpu/mips_cpu.runs/impl_1/LogisimToplevelShell.bit} [get_hw_devices xc7a100t_0]
program_hw_devices [get_hw_devices xc7a100t_0]
INFO: [Labtools 27-3164] End of startup status: HIGH
refresh_hw_device [lindex [get_hw_devices xc7a100t_0] 0]
INFO: [Labtools 27-1434] Device xc7a100t (JTAG device index = 0) is programmed with a design that has no supported debug core(s) in it.
WARNING: [Labtools 27-3361] The debug hub core was not detected.
Resolution: 
1. Make sure the clock connected to the debug hub (dbg_hub) core is a free running clock and is active.
2. Make sure the BSCAN_SWITCH_USER_MASK device property in Vivado Hardware Manager reflects the user scan chain setting in the design and refresh the device.  To determine the user scan chain setting in the design, open the implemented design and use 'get_property C_USER_SCAN_CHAIN [get_debug_cores dbg_hub]'.
For more details on setting the scan chain property, consult the Vivado Debug and Programming User Guide (UG908).
export_ip_user_files -of_objects  [get_files D:/lmq/yanshou/cpu_for_tw/Single_Cycle_CPU/Single_Cycle_CPU_1_int/mips_cpu/mips_cpu.srcs/sources_1/new/interrupt_process.v] -no_script -reset -force -quiet
remove_files  D:/lmq/yanshou/cpu_for_tw/Single_Cycle_CPU/Single_Cycle_CPU_1_int/mips_cpu/mips_cpu.srcs/sources_1/new/interrupt_process.v
file delete -force D:/lmq/yanshou/cpu_for_tw/Single_Cycle_CPU/Single_Cycle_CPU_1_int/mips_cpu/mips_cpu.srcs/sources_1/new/interrupt_process.v
ERROR: [Labtoolstcl 44-513] HW Target shutdown. Closing target: localhost:3121/xilinx_tcf/Digilent/210292746846A
add_files -norecurse {D:/lmq/yanshou/cpu_lzq/mips_cpu/mips_cpu.srcs/sources_1/new/vga_graph_mode.v D:/lmq/yanshou/cpu_lzq/mips_cpu/mips_cpu.srcs/sources_1/new/vga_display.v D:/lmq/yanshou/cpu_lzq/mips_cpu/mips_cpu.srcs/sources_1/new/vga_sync_generator.v}
update_compile_order -fileset sources_1
export_ip_user_files -of_objects  [get_files D:/lmq/yanshou/cpu_lzq/mips_cpu/mips_cpu.srcs/sources_1/new/vga_display.v] -no_script -reset -force -quiet
export_ip_user_files -of_objects  [get_files D:/lmq/yanshou/cpu_lzq/mips_cpu/mips_cpu.srcs/sources_1/new/vga_graph_mode.v] -no_script -reset -force -quiet
remove_files  {D:/lmq/yanshou/cpu_lzq/mips_cpu/mips_cpu.srcs/sources_1/new/vga_display.v D:/lmq/yanshou/cpu_lzq/mips_cpu/mips_cpu.srcs/sources_1/new/vga_graph_mode.v}
export_ip_user_files -of_objects  [get_files D:/lmq/yanshou/cpu_lzq/mips_cpu/mips_cpu.srcs/sources_1/new/vga_sync_generator.v] -no_script -reset -force -quiet
remove_files  D:/lmq/yanshou/cpu_lzq/mips_cpu/mips_cpu.srcs/sources_1/new/vga_sync_generator.v
add_files -norecurse -scan_for_includes {D:/lmq/yanshou/cpu_lzq/mips_cpu/mips_cpu.srcs/sources_1/new/vga_graph_mode.v D:/lmq/yanshou/cpu_lzq/mips_cpu/mips_cpu.srcs/sources_1/new/vga_display.v D:/lmq/yanshou/cpu_lzq/mips_cpu/mips_cpu.srcs/sources_1/new/vga_sync_generator.v}
import_files -norecurse {D:/lmq/yanshou/cpu_lzq/mips_cpu/mips_cpu.srcs/sources_1/new/vga_graph_mode.v D:/lmq/yanshou/cpu_lzq/mips_cpu/mips_cpu.srcs/sources_1/new/vga_display.v D:/lmq/yanshou/cpu_lzq/mips_cpu/mips_cpu.srcs/sources_1/new/vga_sync_generator.v}
update_compile_order -fileset sources_1
update_compile_order -fileset sources_1
exit
INFO: [Common 17-206] Exiting Vivado at Sun Oct 30 01:53:25 2022...
