#-----------------------------------------------------------
# Vivado v2018.2 (64-bit)
# SW Build 2258646 on Thu Jun 14 20:03:12 MDT 2018
# IP Build 2256618 on Thu Jun 14 22:10:49 MDT 2018
# Start of session at: Tue Oct 25 21:59:19 2022
# Process ID: 20756
# Current directory: D:/lmq/yanshou/cpu_for_tw/Single_Cycle_CPU/Single_Cycle_CPU_1_int/mips_cpu
# Command line: vivado.exe -gui_launcher_event rodinguilauncherevent9948 D:\lmq\yanshou\cpu_for_tw\Single_Cycle_CPU\Single_Cycle_CPU_1_int\mips_cpu\mips_cpu.xpr
# Log file: D:/lmq/yanshou/cpu_for_tw/Single_Cycle_CPU/Single_Cycle_CPU_1_int/mips_cpu/vivado.log
# Journal file: D:/lmq/yanshou/cpu_for_tw/Single_Cycle_CPU/Single_Cycle_CPU_1_int/mips_cpu\vivado.jou
#-----------------------------------------------------------
start_gui
open_project D:/lmq/yanshou/cpu_for_tw/Single_Cycle_CPU/Single_Cycle_CPU_1_int/mips_cpu/mips_cpu.xpr
Scanning sources...
Finished scanning sources
INFO: [IP_Flow 19-234] Refreshing IP repositories
INFO: [IP_Flow 19-1704] No user IP repositories specified
INFO: [IP_Flow 19-2313] Loaded Vivado IP repository 'D:/Xilinx/Vivado/2018.2/data/ip'.
open_project: Time (s): cpu = 00:00:21 ; elapsed = 00:00:11 . Memory (MB): peak = 880.449 ; gain = 143.512
update_compile_order -fileset sources_1
close [ open D:/lmq/yanshou/cpu_for_tw/Single_Cycle_CPU/Single_Cycle_CPU_1_int/mips_cpu/mips_cpu.srcs/sources_1/new/interrupt_process.v w ]
add_files D:/lmq/yanshou/cpu_for_tw/Single_Cycle_CPU/Single_Cycle_CPU_1_int/mips_cpu/mips_cpu.srcs/sources_1/new/interrupt_process.v
update_compile_order -fileset sources_1
exit
INFO: [Common 17-206] Exiting Vivado at Wed Oct 26 00:01:52 2022...
